c:\dev\limbo\limbo\limbo\third_party\glfw\bin\release-windows-x86_64\glfw\glfw.pdb
c:\dev\limbo\limbo\limbo\third_party\glfw\bin-int\release-windows-x86_64\glfw\win32_thread.obj
c:\dev\limbo\limbo\limbo\third_party\glfw\bin-int\release-windows-x86_64\glfw\win32_monitor.obj
c:\dev\limbo\limbo\limbo\third_party\glfw\bin-int\release-windows-x86_64\glfw\win32_module.obj
c:\dev\limbo\limbo\limbo\third_party\glfw\bin-int\release-windows-x86_64\glfw\win32_joystick.obj
c:\dev\limbo\limbo\limbo\third_party\glfw\bin-int\release-windows-x86_64\glfw\win32_init.obj
c:\dev\limbo\limbo\limbo\third_party\glfw\bin-int\release-windows-x86_64\glfw\wgl_context.obj
c:\dev\limbo\limbo\limbo\third_party\glfw\bin-int\release-windows-x86_64\glfw\vulkan.obj
c:\dev\limbo\limbo\limbo\third_party\glfw\bin-int\release-windows-x86_64\glfw\platform.obj
c:\dev\limbo\limbo\limbo\third_party\glfw\bin-int\release-windows-x86_64\glfw\osmesa_context.obj
c:\dev\limbo\limbo\limbo\third_party\glfw\bin-int\release-windows-x86_64\glfw\null_window.obj
c:\dev\limbo\limbo\limbo\third_party\glfw\bin-int\release-windows-x86_64\glfw\null_monitor.obj
c:\dev\limbo\limbo\limbo\third_party\glfw\bin-int\release-windows-x86_64\glfw\null_joystick.obj
c:\dev\limbo\limbo\limbo\third_party\glfw\bin-int\release-windows-x86_64\glfw\null_init.obj
c:\dev\limbo\limbo\limbo\third_party\glfw\bin-int\release-windows-x86_64\glfw\monitor.obj
c:\dev\limbo\limbo\limbo\third_party\glfw\bin-int\release-windows-x86_64\glfw\linux_joystick.obj
c:\dev\limbo\limbo\limbo\third_party\glfw\bin-int\release-windows-x86_64\glfw\input.obj
c:\dev\limbo\limbo\limbo\third_party\glfw\bin-int\release-windows-x86_64\glfw\init.obj
c:\dev\limbo\limbo\limbo\third_party\glfw\bin-int\release-windows-x86_64\glfw\glx_context.obj
c:\dev\limbo\limbo\limbo\third_party\glfw\bin-int\release-windows-x86_64\glfw\egl_context.obj
c:\dev\limbo\limbo\limbo\third_party\glfw\bin-int\release-windows-x86_64\glfw\context.obj
c:\dev\limbo\limbo\limbo\third_party\glfw\bin-int\release-windows-x86_64\glfw\xkb_unicode.obj
c:\dev\limbo\limbo\limbo\third_party\glfw\bin-int\release-windows-x86_64\glfw\wl_window.obj
c:\dev\limbo\limbo\limbo\third_party\glfw\bin-int\release-windows-x86_64\glfw\wl_monitor.obj
c:\dev\limbo\limbo\limbo\third_party\glfw\bin-int\release-windows-x86_64\glfw\wl_init.obj
c:\dev\limbo\limbo\limbo\third_party\glfw\bin-int\release-windows-x86_64\glfw\window.obj
c:\dev\limbo\limbo\limbo\third_party\glfw\bin-int\release-windows-x86_64\glfw\win32_window.obj
c:\dev\limbo\limbo\limbo\third_party\glfw\bin-int\release-windows-x86_64\glfw\win32_time.obj
c:\dev\limbo\limbo\limbo\third_party\glfw\bin\release-windows-x86_64\glfw\glfw.lib
c:\dev\limbo\limbo\limbo\build\vs2022\..\..\third_party\glfw\bin\release-windows-x86_64\glfw\glfw.pdb
c:\dev\limbo\limbo\limbo\build\vs2022\..\..\third_party\glfw\bin-int\release-windows-x86_64\glfw\glfw.vcxproj.filelistabsolute.txt
c:\dev\limbo\limbo\limbo\third_party\glfw\bin-int\release-windows-x86_64\glfw\glfw.tlog\cl.command.1.tlog
c:\dev\limbo\limbo\limbo\third_party\glfw\bin-int\release-windows-x86_64\glfw\glfw.tlog\cl.items.tlog
c:\dev\limbo\limbo\limbo\third_party\glfw\bin-int\release-windows-x86_64\glfw\glfw.tlog\cl.read.1.tlog
c:\dev\limbo\limbo\limbo\third_party\glfw\bin-int\release-windows-x86_64\glfw\glfw.tlog\cl.write.1.tlog
c:\dev\limbo\limbo\limbo\third_party\glfw\bin-int\release-windows-x86_64\glfw\glfw.tlog\lib-link.read.1.tlog
c:\dev\limbo\limbo\limbo\third_party\glfw\bin-int\release-windows-x86_64\glfw\glfw.tlog\lib-link.write.1.tlog
c:\dev\limbo\limbo\limbo\third_party\glfw\bin-int\release-windows-x86_64\glfw\glfw.tlog\lib.command.1.tlog
