  context.c
  egl_context.c
  glx_context.c
  init.c
  input.c
  linux_joystick.c
  monitor.c
  null_init.c
  null_joystick.c
  null_monitor.c
  null_window.c
  osmesa_context.c
  platform.c
  vulkan.c
  wgl_context.c
  win32_init.c
  win32_joystick.c
  win32_module.c
  win32_monitor.c
  win32_thread.c
  Generating Code...
  Compiling...
  win32_time.c
  win32_window.c
  window.c
  wl_init.c
  wl_monitor.c
  wl_window.c
  xkb_unicode.c
  Generating Code...
  GLFW.vcxproj -> C:\dev\limbo\Limbo\limbo\third_party\glfw\bin\Release-windows-x86_64\GLFW\GLFW.lib
